
Gurobi 7.0.2 (win64, Python) logging started 04/28/17 14:00:58

Optimize a model with 2 rows, 3 columns and 5 nonzeros
Variable types: 0 continuous, 3 integer (3 binary)
Coefficient statistics:
  Matrix range     [1e+00, 3e+00]
  Objective range  [1e+00, 2e+00]
  Bounds range     [1e+00, 1e+00]
  RHS range        [1e+00, 4e+00]
Presolve removed 2 rows and 3 columns
Presolve time: 0.00s
Presolve: All rows and columns removed

Explored 0 nodes (0 simplex iterations) in 0.02 seconds
Thread count was 1 (of 4 available processors)

Solution count 1: 3 
Pool objective bound 3

Optimal solution found (tolerance 1.00e-04)
Best objective 3.000000000000e+00, best bound 3.000000000000e+00, gap 0.0000%
Optimize a model with 16 rows, 12 columns and 36 nonzeros
Coefficient statistics:
  Matrix range     [1e+00, 1e+00]
  Objective range  [1e+01, 8e+01]
  Bounds range     [0e+00, 0e+00]
  RHS range        [1e+01, 1e+02]
Presolve removed 16 rows and 12 columns
Presolve time: 0.02s
Presolve: All rows and columns removed
Iteration    Objective       Primal Inf.    Dual Inf.      Time
       0    5.5000000e+03   0.000000e+00   0.000000e+00      0s

Solved in 0 iterations and 0.03 seconds
Optimal objective  5.500000000e+03

Gurobi 7.0.2 (win64, Python) logging started 04/30/17 20:45:15

Optimize a model with 4001 rows, 3937 columns and 22878 nonzeros
Variable types: 93 continuous, 3844 integer (3844 binary)
Coefficient statistics:
  Matrix range     [1e+00, 1e+00]
  Objective range  [2e-03, 1e+00]
  Bounds range     [1e+00, 1e+00]
  RHS range        [1e+00, 1e+00]
Found heuristic solution: objective 3.1e+31
Presolve time: 0.00s

Explored 0 nodes (0 simplex iterations) in 0.02 seconds
Thread count was 1 (of 4 available processors)

Solution count 1: 3.1e+31 
Pool objective bound 0

Model is unbounded
Best objective 3.100000000000e+31, best bound -, gap -

Gurobi 7.0.2 (win64, Python) logging started 05/03/17 17:43:12


Gurobi 7.0.2 (win64, Python) logging started 05/03/17 17:43:36


Gurobi 7.0.2 (win64, Python) logging started 05/08/17 15:28:05


Gurobi 7.0.2 (win64, Python) logging started 05/08/17 16:22:06

Optimize a model with 4001 rows, 3937 columns and 22878 nonzeros
Variable types: 93 continuous, 3844 integer (3844 binary)
Coefficient statistics:
  Matrix range     [1e+00, 1e+00]
  Objective range  [2e-03, 1e+00]
  Bounds range     [1e+00, 1e+00]
  RHS range        [1e+00, 1e+00]
Found heuristic solution: objective 3.1e+31
Presolve time: 0.02s

Explored 0 nodes (0 simplex iterations) in 0.11 seconds
Thread count was 1 (of 4 available processors)

Solution count 1: 3.1e+31 
Pool objective bound 0

Model is unbounded
Best objective 3.100000000000e+31, best bound -, gap -

Gurobi 7.0.2 (win64, Python) logging started 05/10/17 08:42:50

Optimize a model with 4001 rows, 3937 columns and 22878 nonzeros
Variable types: 93 continuous, 3844 integer (3844 binary)
Coefficient statistics:
  Matrix range     [1e+00, 1e+00]
  Objective range  [2e-03, 1e+00]
  Bounds range     [1e+00, 1e+00]
  RHS range        [1e+00, 1e+00]
Found heuristic solution: objective 3.1e+31
Presolve time: 0.00s

Explored 0 nodes (0 simplex iterations) in 0.03 seconds
Thread count was 1 (of 4 available processors)

Solution count 1: 3.1e+31 
Pool objective bound 0

Model is unbounded
Best objective 3.100000000000e+31, best bound -, gap -
Optimize a model with 4001 rows, 3937 columns and 22878 nonzeros
Variable types: 93 continuous, 3844 integer (3844 binary)
Coefficient statistics:
  Matrix range     [1e+00, 1e+00]
  Objective range  [2e-03, 1e+00]
  Bounds range     [1e+00, 1e+00]
  RHS range        [1e+00, 1e+00]
Found heuristic solution: objective 3.1e+31
Presolve time: 0.00s

Explored 0 nodes (0 simplex iterations) in 0.02 seconds
Thread count was 1 (of 4 available processors)

Solution count 1: 3.1e+31 
Pool objective bound 0

Model is unbounded
Best objective 3.100000000000e+31, best bound -, gap -
Optimize a model with 4063 rows, 3937 columns and 26722 nonzeros
Model has 3844 quadratic constraints
Variable types: 93 continuous, 3844 integer (3844 binary)
Coefficient statistics:
  Matrix range     [1e+00, 1e+00]
  QMatrix range    [2e-03, 1e+00]
  Objective range  [2e-03, 1e+00]
  Bounds range     [1e+00, 1e+00]
  RHS range        [1e+00, 1e+00]
Presolve time: 0.00s

Explored 0 nodes (0 simplex iterations) in 0.03 seconds
Thread count was 1 (of 4 available processors)

Solution count 0
Pool objective bound 0

Model is infeasible or unbounded
Best objective -, best bound -, gap -

Gurobi 7.0.2 (win64, Python) logging started 05/11/17 11:22:37

Optimize a model with 4063 rows, 3937 columns and 26722 nonzeros
Model has 3844 quadratic constraints
Variable types: 93 continuous, 3844 integer (3844 binary)
Coefficient statistics:
  Matrix range     [1e+00, 1e+00]
  QMatrix range    [2e-03, 1e+00]
  Objective range  [2e-03, 1e+00]
  Bounds range     [1e+00, 1e+00]
  RHS range        [1e+00, 1e+00]
Presolve time: 0.66s

Explored 0 nodes (0 simplex iterations) in 1.36 seconds
Thread count was 1 (of 4 available processors)

Solution count 0
Pool objective bound 0

Model is infeasible or unbounded
Best objective -, best bound -, gap -
Optimize a model with 3846 rows, 3937 columns and 7688 nonzeros
Model has 3844 quadratic constraints
Variable types: 93 continuous, 3844 integer (3844 binary)
Coefficient statistics:
  Matrix range     [1e+00, 1e+00]
  QMatrix range    [2e-03, 1e+00]
  Objective range  [2e-03, 1e+00]
  Bounds range     [1e+00, 1e+00]
  RHS range        [1e+00, 1e+00]
Presolve removed 0 rows and 61 columns
Presolve time: 0.02s

Explored 0 nodes (0 simplex iterations) in 0.04 seconds
Thread count was 1 (of 4 available processors)

Solution count 0
Pool objective bound 0

Model is infeasible or unbounded
Best objective -, best bound -, gap -

Gurobi 7.0.2 (win64, Python) logging started 05/12/17 10:33:13

Optimize a model with 4063 rows, 3937 columns and 26722 nonzeros
Model has 3844 quadratic constraints
Variable types: 93 continuous, 3844 integer (3844 binary)
Coefficient statistics:
  Matrix range     [1e+00, 1e+00]
  QMatrix range    [2e-03, 1e+00]
  Objective range  [2e-03, 1e+00]
  Bounds range     [1e+00, 1e+00]
  RHS range        [1e+00, 1e+00]
Presolve time: 0.00s

Explored 0 nodes (0 simplex iterations) in 0.02 seconds
Thread count was 1 (of 4 available processors)

Solution count 0
Pool objective bound 0

Model is infeasible or unbounded
Best objective -, best bound -, gap -
Optimize a model with 3939 rows, 3937 columns and 15314 nonzeros
Variable types: 93 continuous, 3844 integer (3844 binary)
Coefficient statistics:
  Matrix range     [1e+00, 1e+00]
  Objective range  [2e-03, 1e+00]
  Bounds range     [1e+00, 1e+00]
  RHS range        [1e+00, 1e+00]
Found heuristic solution: objective 3.1e+31
Presolve removed 0 rows and 899 columns
Presolve time: 0.00s

Explored 0 nodes (0 simplex iterations) in 0.02 seconds
Thread count was 1 (of 4 available processors)

Solution count 1: 3.1e+31 
Pool objective bound 0

Model is unbounded
Best objective 3.100000000000e+31, best bound -, gap -
Optimize a model with 7938 rows, 3937 columns and 34348 nonzeros
Variable types: 93 continuous, 3844 integer (3844 binary)
Coefficient statistics:
  Matrix range     [1e+00, 1e+00]
  Objective range  [2e-03, 1e+00]
  Bounds range     [1e+00, 1e+00]
  RHS range        [2e-03, 1e+00]
Presolve time: 0.00s

Explored 0 nodes (0 simplex iterations) in 0.04 seconds
Thread count was 1 (of 4 available processors)

Solution count 0
Pool objective bound 0

Model is infeasible or unbounded
Best objective -, best bound -, gap -
Optimize a model with 4001 rows, 3937 columns and 19158 nonzeros
Variable types: 93 continuous, 3844 integer (3844 binary)
Coefficient statistics:
  Matrix range     [1e+00, 1e+00]
  Objective range  [2e-03, 1e+00]
  Bounds range     [1e+00, 1e+00]
  RHS range        [1e+00, 1e+00]
Found heuristic solution: objective 3.1e+31
Presolve removed 0 rows and 83 columns
Presolve time: 0.00s

Explored 0 nodes (0 simplex iterations) in 0.02 seconds
Thread count was 1 (of 4 available processors)

Solution count 1: 3.1e+31 
Pool objective bound 0

Model is unbounded
Best objective 3.100000000000e+31, best bound -, gap -
Optimize a model with 4063 rows, 3937 columns and 26722 nonzeros
Variable types: 93 continuous, 3844 integer (3844 binary)
Coefficient statistics:
  Matrix range     [1e+00, 1e+00]
  Objective range  [2e-03, 1e+00]
  Bounds range     [1e+00, 1e+00]
  RHS range        [1e+00, 1e+00]
Found heuristic solution: objective 3.1e+31
Presolve time: 0.00s

Explored 0 nodes (0 simplex iterations) in 0.02 seconds
Thread count was 1 (of 4 available processors)

Solution count 1: 3.1e+31 
Pool objective bound 0

Model is unbounded
Best objective 3.100000000000e+31, best bound -, gap -
Optimize a model with 4062 rows, 3937 columns and 26600 nonzeros
Variable types: 93 continuous, 3844 integer (3844 binary)
Coefficient statistics:
  Matrix range     [1e+00, 1e+00]
  Objective range  [2e-03, 1e+00]
  Bounds range     [1e+00, 1e+00]
  RHS range        [1e+00, 1e+00]
Found heuristic solution: objective 3.1e+31
Presolve time: 0.00s

Explored 0 nodes (0 simplex iterations) in 0.04 seconds
Thread count was 1 (of 4 available processors)

Solution count 1: 3.1e+31 
Pool objective bound 0

Model is unbounded
Best objective 3.100000000000e+31, best bound -, gap -
Optimize a model with 4062 rows, 3937 columns and 26600 nonzeros
Variable types: 93 continuous, 3844 integer (3844 binary)
Coefficient statistics:
  Matrix range     [1e+00, 1e+00]
  Objective range  [2e-03, 1e+00]
  Bounds range     [1e+00, 1e+00]
  RHS range        [1e+00, 1e+00]
Found heuristic solution: objective 3.1e+31
Presolve time: 0.00s

Explored 0 nodes (0 simplex iterations) in 0.02 seconds
Thread count was 1 (of 4 available processors)

Solution count 1: 3.1e+31 
Pool objective bound 0

Model is unbounded
Best objective 3.100000000000e+31, best bound -, gap -
Optimize a model with 4061 rows, 3937 columns and 26478 nonzeros
Variable types: 93 continuous, 3844 integer (3844 binary)
Coefficient statistics:
  Matrix range     [1e+00, 1e+00]
  Objective range  [2e-03, 1e+00]
  Bounds range     [1e+00, 1e+00]
  RHS range        [1e+00, 1e+00]
Found heuristic solution: objective 3.1e+31
Presolve time: 0.00s

Explored 0 nodes (0 simplex iterations) in 0.02 seconds
Thread count was 1 (of 4 available processors)

Solution count 1: 3.1e+31 
Pool objective bound 0

Model is unbounded
Best objective 3.100000000000e+31, best bound -, gap -
Optimize a model with 4061 rows, 3937 columns and 26478 nonzeros
Variable types: 93 continuous, 3844 integer (3844 binary)
Coefficient statistics:
  Matrix range     [1e+00, 1e+00]
  Objective range  [2e-03, 3e+01]
  Bounds range     [1e+00, 1e+00]
  RHS range        [1e+00, 1e+00]
Found heuristic solution: objective 3.1e+31
Presolve time: 0.00s

Explored 0 nodes (0 simplex iterations) in 0.02 seconds
Thread count was 1 (of 4 available processors)

Solution count 1: 3.1e+31 
Pool objective bound 0

Model is unbounded
Best objective 3.100000000000e+31, best bound -, gap -
Optimize a model with 4092 rows, 3937 columns and 26509 nonzeros
Variable types: 93 continuous, 3844 integer (3844 binary)
Coefficient statistics:
  Matrix range     [1e+00, 1e+00]
  Objective range  [2e-03, 3e+01]
  Bounds range     [1e+00, 1e+00]
  RHS range        [1e+00, 1e+00]
Found heuristic solution: objective 61
Presolve removed 3878 rows and 93 columns
Presolve time: 0.05s
Presolved: 214 rows, 3844 columns, 18668 nonzeros
Variable types: 0 continuous, 3844 integer (3844 binary)

Root relaxation: objective 9.310000e+02, 95 iterations, 0.01 seconds

    Nodes    |    Current Node    |     Objective Bounds      |     Work
 Expl Unexpl |  Obj  Depth IntInf | Incumbent    BestBd   Gap | It/Node Time

*    0     0               0     931.0000000  931.00000  0.00%     -    0s

Explored 0 nodes (95 simplex iterations) in 0.12 seconds
Thread count was 4 (of 4 available processors)

Solution count 2: 931 61 
Pool objective bound 931

Optimal solution found (tolerance 1.00e-04)
Best objective 9.310000000000e+02, best bound 9.310000000000e+02, gap 0.0000%
Optimize a model with 4093 rows, 3937 columns and 26510 nonzeros
Variable types: 93 continuous, 3844 integer (3844 binary)
Coefficient statistics:
  Matrix range     [1e+00, 1e+00]
  Objective range  [2e-03, 3e+01]
  Bounds range     [1e+00, 1e+00]
  RHS range        [1e+00, 1e+02]
Found heuristic solution: objective 61
Presolve removed 3879 rows and 93 columns
Presolve time: 0.04s
Presolved: 214 rows, 3844 columns, 18668 nonzeros
Variable types: 0 continuous, 3844 integer (3844 binary)

Root relaxation: objective 9.310000e+02, 95 iterations, 0.00 seconds

    Nodes    |    Current Node    |     Objective Bounds      |     Work
 Expl Unexpl |  Obj  Depth IntInf | Incumbent    BestBd   Gap | It/Node Time

*    0     0               0     931.0000000  931.00000  0.00%     -    0s

Explored 0 nodes (95 simplex iterations) in 0.10 seconds
Thread count was 4 (of 4 available processors)

Solution count 2: 931 61 
Pool objective bound 931

Optimal solution found (tolerance 1.00e-04)
Best objective 9.310000000000e+02, best bound 9.310000000000e+02, gap 0.0000%
Optimize a model with 4093 rows, 3937 columns and 26510 nonzeros
Variable types: 93 continuous, 3844 integer (3844 binary)
Coefficient statistics:
  Matrix range     [1e+00, 1e+00]
  Objective range  [2e-03, 3e+01]
  Bounds range     [1e+00, 1e+00]
  RHS range        [2e-03, 1e+02]
Presolve removed 94 rows and 32 columns
Presolve time: 0.01s

Explored 0 nodes (0 simplex iterations) in 0.06 seconds
Thread count was 1 (of 4 available processors)

Solution count 0
Pool objective bound 0

Model is infeasible or unbounded
Best objective -, best bound -, gap -
Optimize a model with 249 rows, 3937 columns and 18946 nonzeros
Variable types: 93 continuous, 3844 integer (3844 binary)
Coefficient statistics:
  Matrix range     [1e+00, 1e+00]
  Objective range  [2e-03, 3e+01]
  Bounds range     [1e+00, 1e+00]
  RHS range        [1e+00, 1e+02]
Found heuristic solution: objective 61
Presolve removed 35 rows and 93 columns
Presolve time: 0.03s
Presolved: 214 rows, 3844 columns, 18668 nonzeros
Variable types: 0 continuous, 3844 integer (3844 binary)

Root relaxation: objective 9.310000e+02, 95 iterations, 0.00 seconds

    Nodes    |    Current Node    |     Objective Bounds      |     Work
 Expl Unexpl |  Obj  Depth IntInf | Incumbent    BestBd   Gap | It/Node Time

*    0     0               0     931.0000000  931.00000  0.00%     -    0s

Explored 0 nodes (95 simplex iterations) in 0.07 seconds
Thread count was 4 (of 4 available processors)

Solution count 2: 931 61 
Pool objective bound 931

Optimal solution found (tolerance 1.00e-04)
Best objective 9.310000000000e+02, best bound 9.310000000000e+02, gap 0.0000%
Optimize a model with 310 rows, 3937 columns and 19007 nonzeros
Variable types: 93 continuous, 3844 integer (3844 binary)
Coefficient statistics:
  Matrix range     [1e+00, 1e+00]
  Objective range  [2e-03, 3e+01]
  Bounds range     [1e+00, 1e+00]
  RHS range        [1e+00, 1e+02]
Found heuristic solution: objective 61
Presolve removed 96 rows and 154 columns
Presolve time: 0.04s
Presolved: 214 rows, 3783 columns, 18486 nonzeros
Variable types: 0 continuous, 3783 integer (3783 binary)

Root relaxation: objective 9.308536e+02, 170 iterations, 0.00 seconds

    Nodes    |    Current Node    |     Objective Bounds      |     Work
 Expl Unexpl |  Obj  Depth IntInf | Incumbent    BestBd   Gap | It/Node Time

*    0     0               0     930.8536281  930.85363  0.00%     -    0s

Explored 0 nodes (170 simplex iterations) in 0.09 seconds
Thread count was 4 (of 4 available processors)

Solution count 2: 930.854 61 
Pool objective bound 930.854

Optimal solution found (tolerance 1.00e-04)
Best objective 9.308536280983e+02, best bound 9.308536280983e+02, gap 0.0000%
Optimize a model with 308 rows, 3937 columns and 18883 nonzeros
Variable types: 93 continuous, 3844 integer (3844 binary)
Coefficient statistics:
  Matrix range     [1e+00, 1e+00]
  Objective range  [2e-03, 3e+01]
  Bounds range     [1e+00, 1e+00]
  RHS range        [1e+00, 1e+02]
Found heuristic solution: objective 61
Presolve removed 95 rows and 155 columns
Presolve time: 0.04s
Presolved: 213 rows, 3782 columns, 18484 nonzeros
Variable types: 0 continuous, 3782 integer (3782 binary)

Root relaxation: objective 9.308536e+02, 167 iterations, 0.01 seconds

    Nodes    |    Current Node    |     Objective Bounds      |     Work
 Expl Unexpl |  Obj  Depth IntInf | Incumbent    BestBd   Gap | It/Node Time

*    0     0               0     930.8536281  930.85363  0.00%     -    0s

Explored 0 nodes (167 simplex iterations) in 0.08 seconds
Thread count was 4 (of 4 available processors)

Solution count 2: 930.854 61 
Pool objective bound 930.854

Optimal solution found (tolerance 1.00e-04)
Best objective 9.308536280983e+02, best bound 9.308536280983e+02, gap 0.0000%
Optimize a model with 308 rows, 3937 columns and 18883 nonzeros
Variable types: 93 continuous, 3844 integer (3844 binary)
Coefficient statistics:
  Matrix range     [1e+00, 1e+00]
  Objective range  [2e-03, 3e+01]
  Bounds range     [1e+00, 1e+00]
  RHS range        [1e+00, 1e+02]
Found heuristic solution: objective 61
Presolve removed 95 rows and 155 columns
Presolve time: 0.04s
Presolved: 213 rows, 3782 columns, 18484 nonzeros
Variable types: 0 continuous, 3782 integer (3782 binary)

Root relaxation: objective 9.308536e+02, 167 iterations, 0.01 seconds

    Nodes    |    Current Node    |     Objective Bounds      |     Work
 Expl Unexpl |  Obj  Depth IntInf | Incumbent    BestBd   Gap | It/Node Time

*    0     0               0     930.8536281  930.85363  0.00%     -    0s

Explored 0 nodes (167 simplex iterations) in 0.09 seconds
Thread count was 4 (of 4 available processors)

Solution count 2: 930.854 61 
Pool objective bound 930.854

Optimal solution found (tolerance 1.00e-04)
Best objective 9.308536280983e+02, best bound 9.308536280983e+02, gap 0.0000%
Optimize a model with 308 rows, 3937 columns and 18883 nonzeros
Variable types: 93 continuous, 3844 integer (3844 binary)
Coefficient statistics:
  Matrix range     [1e+00, 1e+00]
  Objective range  [2e-03, 3e+01]
  Bounds range     [1e+00, 1e+00]
  RHS range        [1e+00, 1e+02]
Found heuristic solution: objective 61
Presolve removed 95 rows and 155 columns
Presolve time: 0.04s
Presolved: 213 rows, 3782 columns, 18484 nonzeros
Variable types: 0 continuous, 3782 integer (3782 binary)

Root relaxation: objective 9.308536e+02, 167 iterations, 0.01 seconds

    Nodes    |    Current Node    |     Objective Bounds      |     Work
 Expl Unexpl |  Obj  Depth IntInf | Incumbent    BestBd   Gap | It/Node Time

*    0     0               0     930.8536281  930.85363  0.00%     -    0s

Explored 0 nodes (167 simplex iterations) in 0.09 seconds
Thread count was 4 (of 4 available processors)

Solution count 2: 930.854 61 
Pool objective bound 930.854

Optimal solution found (tolerance 1.00e-04)
Best objective 9.308536280983e+02, best bound 9.308536280983e+02, gap 0.0000%
Optimize a model with 4152 rows, 3937 columns and 30229 nonzeros
Variable types: 93 continuous, 3844 integer (3844 binary)
Coefficient statistics:
  Matrix range     [1e+00, 9e+00]
  Objective range  [2e-03, 3e+01]
  Bounds range     [1e+00, 1e+00]
  RHS range        [1e+00, 1e+02]
Presolve removed 0 rows and 1 columns
Presolve time: 0.00s

Explored 0 nodes (0 simplex iterations) in 0.03 seconds
Thread count was 1 (of 4 available processors)

Solution count 0
Pool objective bound 0

Model is infeasible or unbounded
Best objective -, best bound -, gap -
Optimize a model with 308 rows, 3937 columns and 18821 nonzeros
Model has 3844 quadratic constraints
Variable types: 93 continuous, 3844 integer (3844 binary)
Coefficient statistics:
  Matrix range     [1e+00, 1e+00]
  QMatrix range    [1e+00, 1e+00]
  Objective range  [2e-03, 3e+01]
  Bounds range     [1e+00, 1e+00]
  RHS range        [1e+00, 1e+02]
Presolve removed 0 rows and 1 columns
Presolve time: 0.00s

Explored 0 nodes (0 simplex iterations) in 0.02 seconds
Thread count was 1 (of 4 available processors)

Solution count 0
Pool objective bound 0

Model is infeasible or unbounded
Best objective -, best bound -, gap -
Optimize a model with 308 rows, 3937 columns and 18821 nonzeros
Variable types: 93 continuous, 3844 integer (3844 binary)
Coefficient statistics:
  Matrix range     [1e+00, 1e+00]
  Objective range  [2e-03, 3e+01]
  Bounds range     [1e+00, 1e+00]
  RHS range        [1e+00, 1e+02]
Presolve removed 1 rows and 63 columns
Presolve time: 0.00s

Explored 0 nodes (0 simplex iterations) in 0.02 seconds
Thread count was 1 (of 4 available processors)

Solution count 0
Pool objective bound 0

Model is infeasible or unbounded
Best objective -, best bound -, gap -
Optimize a model with 308 rows, 3937 columns and 18821 nonzeros
Variable types: 93 continuous, 3844 integer (3844 binary)
Coefficient statistics:
  Matrix range     [1e+00, 1e+00]
  Objective range  [2e-03, 3e+01]
  Bounds range     [1e+00, 1e+00]
  RHS range        [1e+00, 1e+02]
Presolve removed 1 rows and 63 columns
Presolve time: 0.00s

Explored 0 nodes (0 simplex iterations) in 0.02 seconds
Thread count was 1 (of 4 available processors)

Solution count 0
Pool objective bound 0

Model is infeasible or unbounded
Best objective -, best bound -, gap -
Optimize a model with 308 rows, 3937 columns and 18821 nonzeros
Variable types: 93 continuous, 3844 integer (3844 binary)
Coefficient statistics:
  Matrix range     [1e+00, 1e+00]
  Objective range  [2e-03, 3e+01]
  Bounds range     [1e+00, 1e+00]
  RHS range        [1e+00, 1e+02]
Presolve removed 1 rows and 63 columns
Presolve time: 0.00s

Explored 0 nodes (0 simplex iterations) in 0.02 seconds
Thread count was 1 (of 4 available processors)

Solution count 0
Pool objective bound 0

Model is infeasible or unbounded
Best objective -, best bound -, gap -
Optimize a model with 308 rows, 3937 columns and 18821 nonzeros
Variable types: 93 continuous, 3844 integer (3844 binary)
Coefficient statistics:
  Matrix range     [1e+00, 1e+00]
  Objective range  [2e-03, 1e+00]
  Bounds range     [1e+00, 1e+00]
  RHS range        [1e+00, 1e+02]
Presolve removed 1 rows and 63 columns
Presolve time: 0.00s

Explored 0 nodes (0 simplex iterations) in 0.02 seconds
Thread count was 1 (of 4 available processors)

Solution count 0
Pool objective bound 0

Model is infeasible or unbounded
Best objective -, best bound -, gap -
Optimize a model with 308 rows, 3937 columns and 18883 nonzeros
Variable types: 93 continuous, 3844 integer (3844 binary)
Coefficient statistics:
  Matrix range     [1e+00, 1e+00]
  Objective range  [2e-03, 1e+00]
  Bounds range     [1e+00, 1e+00]
  RHS range        [1e+00, 1e+02]
Found heuristic solution: objective 31.5
Presolve removed 95 rows and 155 columns
Presolve time: 0.03s
Presolved: 213 rows, 3782 columns, 18484 nonzeros
Variable types: 0 continuous, 3782 integer (3782 binary)

Root relaxation: objective 4.585363e+01, 166 iterations, 0.00 seconds

    Nodes    |    Current Node    |     Objective Bounds      |     Work
 Expl Unexpl |  Obj  Depth IntInf | Incumbent    BestBd   Gap | It/Node Time

*    0     0               0      45.8536281   45.85363  0.00%     -    0s

Explored 0 nodes (166 simplex iterations) in 0.08 seconds
Thread count was 4 (of 4 available processors)

Solution count 2: 45.8536 31.5 
Pool objective bound 45.8536

Optimal solution found (tolerance 1.00e-04)
Best objective 4.585362809829e+01, best bound 4.585362809829e+01, gap 0.0000%
Optimize a model with 310 rows, 3937 columns and 19007 nonzeros
Variable types: 93 continuous, 3844 integer (3844 binary)
Coefficient statistics:
  Matrix range     [1e+00, 1e+00]
  Objective range  [2e-03, 1e+00]
  Bounds range     [1e+00, 1e+00]
  RHS range        [1e+00, 1e+02]
Found heuristic solution: objective 31.5
Presolve removed 96 rows and 154 columns
Presolve time: 0.03s
Presolved: 214 rows, 3783 columns, 18486 nonzeros
Variable types: 0 continuous, 3783 integer (3783 binary)

Root relaxation: objective 4.585363e+01, 184 iterations, 0.00 seconds

    Nodes    |    Current Node    |     Objective Bounds      |     Work
 Expl Unexpl |  Obj  Depth IntInf | Incumbent    BestBd   Gap | It/Node Time

*    0     0               0      45.8536281   45.85363  0.00%     -    0s

Explored 0 nodes (184 simplex iterations) in 0.07 seconds
Thread count was 4 (of 4 available processors)

Solution count 2: 45.8536 31.5 
Pool objective bound 45.8536

Optimal solution found (tolerance 1.00e-04)
Best objective 4.585362809829e+01, best bound 4.585362809829e+01, gap 0.0000%
Optimize a model with 310 rows, 3937 columns and 19007 nonzeros
Variable types: 93 continuous, 3844 integer (3844 binary)
Coefficient statistics:
  Matrix range     [1e+00, 1e+00]
  Objective range  [7e-05, 1e+00]
  Bounds range     [1e+00, 1e+00]
  RHS range        [1e+00, 1e+02]
Found heuristic solution: objective 30.264
Presolve removed 96 rows and 154 columns
Presolve time: 0.05s
Presolved: 214 rows, 3783 columns, 18486 nonzeros
Variable types: 0 continuous, 3783 integer (3783 binary)

Root relaxation: objective 4.449920e+01, 162 iterations, 0.00 seconds

    Nodes    |    Current Node    |     Objective Bounds      |     Work
 Expl Unexpl |  Obj  Depth IntInf | Incumbent    BestBd   Gap | It/Node Time

*    0     0               0      44.4992007   44.49920  0.00%     -    0s

Explored 0 nodes (162 simplex iterations) in 0.10 seconds
Thread count was 4 (of 4 available processors)

Solution count 2: 44.4992 30.264 
Pool objective bound 44.4992

Optimal solution found (tolerance 1.00e-04)
Best objective 4.449920068695e+01, best bound 4.449920068695e+01, gap 0.0000%
Optimize a model with 310 rows, 3937 columns and 19007 nonzeros
Variable types: 93 continuous, 3844 integer (3844 binary)
Coefficient statistics:
  Matrix range     [1e+00, 1e+00]
  Objective range  [5e-04, 1e+01]
  Bounds range     [1e+00, 1e+00]
  RHS range        [1e+00, 1e+02]
Found heuristic solution: objective 19.1396
Presolve removed 96 rows and 154 columns
Presolve time: 0.04s
Presolved: 214 rows, 3783 columns, 18486 nonzeros
Variable types: 0 continuous, 3783 integer (3783 binary)

Root relaxation: objective 3.422820e+01, 149 iterations, 0.01 seconds

    Nodes    |    Current Node    |     Objective Bounds      |     Work
 Expl Unexpl |  Obj  Depth IntInf | Incumbent    BestBd   Gap | It/Node Time

     0     0   34.22820    0   40   19.13955   34.22820  78.8%     -    0s
H    0     0                      21.2516049   34.22820  61.1%     -    0s
H    0     0                      34.2081989   34.22820  0.06%     -    0s
     0     0     cutoff    0        34.20820   34.20820  0.00%     -    0s

Cutting planes:
  Zero half: 2

Explored 0 nodes (151 simplex iterations) in 0.16 seconds
Thread count was 4 (of 4 available processors)

Solution count 3: 34.2082 21.2516 19.1396 
Pool objective bound 34.2082

Optimal solution found (tolerance 1.00e-04)
Best objective 3.420819892911e+01, best bound 3.420819892911e+01, gap 0.0000%
Optimize a model with 4154 rows, 3937 columns and 26571 nonzeros
Variable types: 93 continuous, 3844 integer (3844 binary)
Coefficient statistics:
  Matrix range     [1e+00, 1e+00]
  Objective range  [1e-02, 1e+02]
  Bounds range     [1e+00, 1e+00]
  RHS range        [1e-02, 1e+02]
Presolve time: 0.00s

Explored 0 nodes (0 simplex iterations) in 0.03 seconds
Thread count was 1 (of 4 available processors)

Solution count 0
Pool objective bound 0

Model is infeasible or unbounded
Best objective -, best bound -, gap -
Optimize a model with 310 rows, 3937 columns and 19007 nonzeros
Variable types: 93 continuous, 3844 integer (3844 binary)
Coefficient statistics:
  Matrix range     [1e+00, 1e+00]
  Objective range  [5e-04, 1e+01]
  Bounds range     [1e+00, 1e+00]
  RHS range        [1e+00, 1e+02]
Found heuristic solution: objective 19.1396
Presolve removed 96 rows and 154 columns
Presolve time: 0.04s
Presolved: 214 rows, 3783 columns, 18486 nonzeros
Variable types: 0 continuous, 3783 integer (3783 binary)

Root relaxation: objective 3.422820e+01, 149 iterations, 0.01 seconds

    Nodes    |    Current Node    |     Objective Bounds      |     Work
 Expl Unexpl |  Obj  Depth IntInf | Incumbent    BestBd   Gap | It/Node Time

     0     0   34.22820    0   40   19.13955   34.22820  78.8%     -    0s
H    0     0                      21.2516049   34.22820  61.1%     -    0s
H    0     0                      34.2081989   34.22820  0.06%     -    0s
     0     0     cutoff    0        34.20820   34.20820  0.00%     -    0s

Cutting planes:
  Zero half: 2

Explored 0 nodes (151 simplex iterations) in 0.15 seconds
Thread count was 4 (of 4 available processors)

Solution count 3: 34.2082 21.2516 19.1396 
Pool objective bound 34.2082

Optimal solution found (tolerance 1.00e-04)
Best objective 3.420819892911e+01, best bound 3.420819892911e+01, gap 0.0000%
Optimize a model with 310 rows, 3937 columns and 19007 nonzeros
Variable types: 93 continuous, 3844 integer (3844 binary)
Coefficient statistics:
  Matrix range     [1e+00, 1e+00]
  Objective range  [1e-03, 1e+01]
  Bounds range     [1e+00, 1e+00]
  RHS range        [1e+00, 1e+02]
Found heuristic solution: objective 19.6396
Presolve removed 96 rows and 154 columns
Presolve time: 0.03s
Presolved: 214 rows, 3783 columns, 18486 nonzeros
Variable types: 0 continuous, 3783 integer (3783 binary)

Root relaxation: objective 4.687236e+01, 184 iterations, 0.01 seconds

    Nodes    |    Current Node    |     Objective Bounds      |     Work
 Expl Unexpl |  Obj  Depth IntInf | Incumbent    BestBd   Gap | It/Node Time

     0     0   46.87236    0   29   19.63955   46.87236   139%     -    0s
H    0     0                      44.2121796   46.87236  6.02%     -    0s
H    0     0                      44.7103574   46.87236  4.84%     -    0s
H    0     0                      45.9396776   46.87236  2.03%     -    0s
     0     0   46.78781    0   53   45.93968   46.78781  1.85%     -    0s
     0     0   46.78781    0   29   45.93968   46.78781  1.85%     -    0s
     0     0   46.74366    0   65   45.93968   46.74366  1.75%     -    0s
     0     0   46.56484    0   56   45.93968   46.56484  1.36%     -    0s
     0     0   46.56428    0   55   45.93968   46.56428  1.36%     -    0s
     0     0   46.55221    0   63   45.93968   46.55221  1.33%     -    0s
     0     0   46.55199    0   67   45.93968   46.55199  1.33%     -    0s
     0     0   46.54248    0   83   45.93968   46.54248  1.31%     -    0s
H    0     0                      46.3081565   46.54248  0.51%     -    0s
     0     0   46.54191    0   84   46.30816   46.54191  0.50%     -    0s
     0     0   46.53452    0   50   46.30816   46.53452  0.49%     -    0s
     0     0   46.53452    0   26   46.30816   46.53452  0.49%     -    0s
H    0     0                      46.3198695   46.53452  0.46%     -    0s
     0     0   46.53452    0   48   46.31987   46.53452  0.46%     -    0s
     0     0   46.53452    0   50   46.31987   46.53452  0.46%     -    0s
     0     0   46.53452    0   43   46.31987   46.53452  0.46%     -    0s
     0     0   46.53379    0   61   46.31987   46.53379  0.46%     -    0s
     0     0   46.53277    0   29   46.31987   46.53277  0.46%     -    0s
H    0     0                      46.4120210   46.53277  0.26%     -    0s
H    0     0                      46.5279931   46.53277  0.01%     -    0s
     0     0     cutoff    0        46.52799   46.52799  0.00%     -    0s

Cutting planes:
  Gomory: 3
  Zero half: 9

Explored 0 nodes (639 simplex iterations) in 0.32 seconds
Thread count was 4 (of 4 available processors)

Solution count 8: 46.528 46.412 46.3199 ... 19.6396
Pool objective bound 46.528

Optimal solution found (tolerance 1.00e-04)
Best objective 4.652799306150e+01, best bound 4.652799306150e+01, gap 0.0000%
Optimize a model with 4154 rows, 3937 columns and 26571 nonzeros
Variable types: 93 continuous, 3844 integer (3844 binary)
Coefficient statistics:
  Matrix range     [1e+00, 1e+00]
  Objective range  [1e-03, 1e+01]
  Bounds range     [1e+00, 1e+00]
  RHS range        [1e-03, 1e+02]
Presolve time: 0.00s

Explored 0 nodes (0 simplex iterations) in 0.04 seconds
Thread count was 1 (of 4 available processors)

Solution count 0
Pool objective bound 0

Model is infeasible or unbounded
Best objective -, best bound -, gap -
Optimize a model with 4154 rows, 3937 columns and 26571 nonzeros
Variable types: 93 continuous, 3844 integer (3844 binary)
Coefficient statistics:
  Matrix range     [1e+00, 1e+00]
  Objective range  [7e-04, 1e+01]
  Bounds range     [1e+00, 1e+00]
  RHS range        [1e-03, 1e+02]
Presolve time: 0.00s

Explored 0 nodes (0 simplex iterations) in 0.04 seconds
Thread count was 1 (of 4 available processors)

Solution count 0
Pool objective bound 0

Model is infeasible or unbounded
Best objective -, best bound -, gap -
Optimize a model with 310 rows, 3937 columns and 19007 nonzeros
Variable types: 93 continuous, 3844 integer (3844 binary)
Coefficient statistics:
  Matrix range     [1e+00, 1e+00]
  Objective range  [7e-04, 1e+01]
  Bounds range     [1e+00, 1e+00]
  RHS range        [1e+00, 1e+02]
Found heuristic solution: objective 23.6396
Presolve removed 96 rows and 154 columns
Presolve time: 0.04s
Presolved: 214 rows, 3783 columns, 18486 nonzeros
Variable types: 0 continuous, 3783 integer (3783 binary)

Root relaxation: objective 1.659920e+02, 162 iterations, 0.01 seconds

    Nodes    |    Current Node    |     Objective Bounds      |     Work
 Expl Unexpl |  Obj  Depth IntInf | Incumbent    BestBd   Gap | It/Node Time

*    0     0               0     165.9920069  165.99201  0.00%     -    0s

Explored 0 nodes (162 simplex iterations) in 0.09 seconds
Thread count was 4 (of 4 available processors)

Solution count 2: 165.992 23.6396 
Pool objective bound 165.992

Optimal solution found (tolerance 1.00e-04)
Best objective 1.659920068695e+02, best bound 1.659920068695e+02, gap 0.0000%
Optimize a model with 310 rows, 3937 columns and 19007 nonzeros
Model has 3844 quadratic constraints
Variable types: 93 continuous, 3844 integer (3844 binary)
Coefficient statistics:
  Matrix range     [1e+00, 1e+00]
  QMatrix range    [1e-03, 1e+01]
  Objective range  [7e-04, 1e+01]
  Bounds range     [1e+00, 1e+00]
  RHS range        [1e+00, 1e+02]
Presolve removed 96 rows and 94 columns
Presolve time: 0.04s

Explored 0 nodes (0 simplex iterations) in 0.06 seconds
Thread count was 1 (of 4 available processors)

Solution count 0
Pool objective bound 0

Best objective -, best bound -, gap -
Optimize a model with 310 rows, 3937 columns and 19007 nonzeros
Variable types: 93 continuous, 3844 integer (3844 binary)
Coefficient statistics:
  Matrix range     [1e+00, 1e+00]
  Objective range  [7e-04, 1e+01]
  Bounds range     [1e+00, 1e+00]
  RHS range        [1e+00, 1e+02]
Found heuristic solution: objective 23.6396
Presolve removed 96 rows and 154 columns
Presolve time: 0.04s
Presolved: 214 rows, 3783 columns, 18486 nonzeros
Variable types: 0 continuous, 3783 integer (3783 binary)

Root relaxation: objective 1.659920e+02, 162 iterations, 0.01 seconds

    Nodes    |    Current Node    |     Objective Bounds      |     Work
 Expl Unexpl |  Obj  Depth IntInf | Incumbent    BestBd   Gap | It/Node Time

*    0     0               0     165.9920069  165.99201  0.00%     -    0s

Explored 0 nodes (162 simplex iterations) in 0.08 seconds
Thread count was 4 (of 4 available processors)

Solution count 2: 165.992 23.6396 
Pool objective bound 165.992

Optimal solution found (tolerance 1.00e-04)
Best objective 1.659920068695e+02, best bound 1.659920068695e+02, gap 0.0000%
Optimize a model with 4154 rows, 3937 columns and 30415 nonzeros
Variable types: 93 continuous, 3844 integer (3844 binary)
Coefficient statistics:
  Matrix range     [1e+00, 1e+10]
  Objective range  [7e-04, 1e+01]
  Bounds range     [1e+00, 1e+00]
  RHS range        [1e+00, 1e+10]
Warning: Model contains large matrix coefficients
Warning: Model contains large rhs
         Consider reformulating model or setting NumericFocus parameter
         to avoid numerical issues.
Presolve removed 158 rows and 94 columns
Presolve time: 0.07s
Presolved: 3996 rows, 3843 columns, 29708 nonzeros
Variable types: 61 continuous, 3782 integer (3782 binary)

Root relaxation: objective 1.659920e+02, 156 iterations, 0.01 seconds

    Nodes    |    Current Node    |     Objective Bounds      |     Work
 Expl Unexpl |  Obj  Depth IntInf | Incumbent    BestBd   Gap | It/Node Time

*    0     0               0     165.9920069  165.99201  0.00%     -    0s

Explored 0 nodes (186 simplex iterations) in 0.17 seconds
Thread count was 4 (of 4 available processors)

Solution count 1: 165.992 
Pool objective bound 165.992

Optimal solution found (tolerance 1.00e-04)
Warning: max constraint violation (1.9073e-06) exceeds tolerance
Best objective 1.659920068713e+02, best bound 1.659920068713e+02, gap 0.0000%

Gurobi 7.0.2 (win64, Python) logging started 05/12/17 15:58:33

Optimize a model with 4154 rows, 3937 columns and 30415 nonzeros
Variable types: 93 continuous, 3844 integer (3844 binary)
Coefficient statistics:
  Matrix range     [1e+00, 1e+10]
  Objective range  [7e-04, 1e+01]
  Bounds range     [1e+00, 1e+00]
  RHS range        [1e+00, 1e+10]
Warning: Model contains large matrix coefficients
Warning: Model contains large rhs
         Consider reformulating model or setting NumericFocus parameter
         to avoid numerical issues.
Presolve removed 158 rows and 94 columns
Presolve time: 0.06s
Presolved: 3996 rows, 3843 columns, 29708 nonzeros
Variable types: 61 continuous, 3782 integer (3782 binary)

Root relaxation: objective 1.659920e+02, 156 iterations, 0.02 seconds

    Nodes    |    Current Node    |     Objective Bounds      |     Work
 Expl Unexpl |  Obj  Depth IntInf | Incumbent    BestBd   Gap | It/Node Time

*    0     0               0     165.9920069  165.99201  0.00%     -    0s

Explored 0 nodes (186 simplex iterations) in 0.19 seconds
Thread count was 4 (of 4 available processors)

Solution count 1: 165.992 
Pool objective bound 165.992

Optimal solution found (tolerance 1.00e-04)
Warning: max constraint violation (1.9073e-06) exceeds tolerance
Best objective 1.659920068713e+02, best bound 1.659920068713e+02, gap 0.0000%
Optimize a model with 4154 rows, 3937 columns and 30415 nonzeros
Variable types: 93 continuous, 3844 integer (3844 binary)
Coefficient statistics:
  Matrix range     [1e+00, 1e+02]
  Objective range  [7e-04, 1e+01]
  Bounds range     [1e+00, 1e+00]
  RHS range        [1e+00, 1e+02]
Presolve removed 158 rows and 94 columns
Presolve time: 0.06s
Presolved: 3996 rows, 3843 columns, 29708 nonzeros
Variable types: 61 continuous, 3782 integer (3782 binary)

Root relaxation: objective 1.659910e+02, 501 iterations, 0.04 seconds

    Nodes    |    Current Node    |     Objective Bounds      |     Work
 Expl Unexpl |  Obj  Depth IntInf | Incumbent    BestBd   Gap | It/Node Time

     0     0  165.99099    0   31          -  165.99099      -     -    0s
     0     0  165.91350    0   12          -  165.91350      -     -    0s
     0     0  165.90734    0    4          -  165.90734      -     -    0s
     0     0  165.90582    0   12          -  165.90582      -     -    0s
     0     0  165.90582    0   12          -  165.90582      -     -    0s
     0     2  165.90582    0   12          -  165.90582      -     -    4s
     1     4  165.89957    1   14          -  165.89957      -   8.0    5s
   434   401  156.45833  104    5          -  165.86429      -   9.6   10s
   770   692  162.19129   85   21          -  165.84009      -   9.6   15s
   771   692  160.96887  123   21          -  165.84009      -   9.6   28s
   790   707  165.73320   15   15          -  165.82754      -   1.4   30s
  1106   913  160.35967   90   19          -  165.81977      -   9.0   35s
  1723  1284  163.30944  106   12          -  165.81886      -  13.8   40s
  3503  2395  164.52621   96    6          -  165.77797      -  11.5   45s
  5168  3827  149.31251  121    6          -  165.76590      -  10.6   50s
  7273  5585  158.30192  109    8          -  165.75568      -   9.9   55s
  9217  7190  164.76867   39   31          -  165.74793      -   9.6   60s
 11390  9011  159.65212   64   32          -  165.73812      -   9.6   65s
 13893 11090  165.46502   21   55          -  165.72998      -   9.4   70s
 15043 12067  164.48427   31   10          -  165.72486      -   9.4   75s
 17249 13921  160.90799  122   19          -  165.71686      -   9.3   80s
 19383 15699  148.24481  133    4          -  165.71262      -   9.4   85s
 21701 17572  165.26106   32   35          -  165.70664      -   9.4   90s
 24398 19851  156.70532  144   14          -  165.70022      -   9.2   95s
 27227 22234  160.02442   92   12          -  165.69649      -   9.2  100s
 29347 24016  161.34560   97   11          -  165.69333      -   9.2  105s
 31512 25820  153.47331  109    6          -  165.68952      -   9.2  110s
 34144 27959  165.07026   61   21          -  165.68732      -   9.1  115s
 36818 30174  165.60502   28   42          -  165.68275      -   9.1  120s
 39601 32486  153.67596  106   12          -  165.67777      -   9.0  125s
 42116 34583  164.96895   39   52          -  165.67302      -   9.0  130s
 44040 36196  165.14938   31   56          -  165.66904      -   9.0  135s
 46418 38127  159.31859  122    4          -  165.66540      -   9.0  140s
 48651 40021  153.04491  167   14          -  165.66059      -   9.0  145s
 50862 41792  160.53771  104   12          -  165.65799      -   9.0  150s
 52865 43431  165.18676   23   31          -  165.65600      -   9.0  155s
 54920 45093  158.08708   76    8          -  165.65316      -   9.0  160s
 57054 46830  157.51940  118   12          -  165.65046      -   9.1  165s
 58998 48438  164.64122   65   35          -  165.64756      -   9.1  170s
 60931 50056  165.26789   46   24          -  165.64578      -   9.1  178s
 61632 50616  146.12298  119    8          -  165.64520      -   9.1  180s
 63885 52439  155.95464  119   16          -  165.64093      -   9.1  185s
 66095 54262  165.01402   31   18          -  165.63833      -   9.1  190s
 68372 56102  145.64327  118    6          -  165.63512      -   9.1  195s
 70826 58071  154.36590  109    6          -  165.63325      -   9.0  200s
 73280 60054  164.38443   88   17          -  165.62975      -   9.0  205s
 75426 61804  164.90352   30   26          -  165.62707      -   9.0  210s
 77178 63154  164.71750   60   33          -  165.62504      -   9.0  215s
 79468 64993  164.40016   48   37          -  165.62338      -   9.0  220s
 81661 66827 infeasible  123               -  165.62105      -   9.0  225s
 83555 68362  163.84068   57   25          -  165.61976      -   9.0  230s
 85191 69741  162.41988  122    6          -  165.61775      -   9.0  235s
 85616 70079 infeasible  138               -  165.61711      -   9.0  240s
 87713 71822  161.34779  146   19          -  165.61416      -   9.0  245s

Gurobi 7.0.2 (win64, Python) logging started 05/12/17 16:03:14

Optimize a model with 4154 rows, 3937 columns and 30415 nonzeros
Variable types: 93 continuous, 3844 integer (3844 binary)
Coefficient statistics:
  Matrix range     [1e+00, 1e+100]
  Objective range  [7e-04, 1e+01]
  Bounds range     [1e+00, 1e+00]
  RHS range        [1e+00, 1e+02]
Warning: Model contains large matrix coefficient range
         Consider reformulating model or setting NumericFocus parameter
         to avoid numerical issues.
Found heuristic solution: objective 23.6396
Presolve removed 3940 rows and 154 columns
Presolve time: 0.06s
Presolved: 214 rows, 3783 columns, 18486 nonzeros
Variable types: 0 continuous, 3783 integer (3783 binary)

Root relaxation: objective 1.659920e+02, 162 iterations, 0.01 seconds

    Nodes    |    Current Node    |     Objective Bounds      |     Work
 Expl Unexpl |  Obj  Depth IntInf | Incumbent    BestBd   Gap | It/Node Time

*    0     0               0     165.9920069  165.99201  0.00%     -    0s

Explored 0 nodes (162 simplex iterations) in 0.12 seconds
Thread count was 4 (of 4 available processors)

Solution count 2: 165.992 23.6396 
Pool objective bound 165.992

Optimal solution found (tolerance 1.00e-04)
Best objective 1.659920068695e+02, best bound 1.659920068695e+02, gap 0.0000%
Optimize a model with 4154 rows, 3937 columns and 30415 nonzeros
Variable types: 93 continuous, 3844 integer (3844 binary)
Coefficient statistics:
  Matrix range     [1e+00, 1e+100]
  Objective range  [7e-04, 1e+01]
  Bounds range     [1e+00, 1e+00]
  RHS range        [1e+00, 1e+02]
Warning: Model contains large matrix coefficient range
         Consider reformulating model or setting NumericFocus parameter
         to avoid numerical issues.
Found heuristic solution: objective 23.6396
Presolve removed 3940 rows and 154 columns
Presolve time: 0.03s
Presolved: 214 rows, 3783 columns, 18486 nonzeros
Variable types: 0 continuous, 3783 integer (3783 binary)

Root relaxation: objective 1.659920e+02, 162 iterations, 0.01 seconds

    Nodes    |    Current Node    |     Objective Bounds      |     Work
 Expl Unexpl |  Obj  Depth IntInf | Incumbent    BestBd   Gap | It/Node Time

*    0     0               0     165.9920069  165.99201  0.00%     -    0s

Explored 0 nodes (162 simplex iterations) in 0.08 seconds
Thread count was 4 (of 4 available processors)

Solution count 2: 165.992 23.6396 
Pool objective bound 165.992

Optimal solution found (tolerance 1.00e-04)
Best objective 1.659920068695e+02, best bound 1.659920068695e+02, gap 0.0000%
Optimize a model with 4154 rows, 3937 columns and 30415 nonzeros
Variable types: 93 continuous, 3844 integer (3844 binary)
Coefficient statistics:
  Matrix range     [1e+00, 1e+100]
  Objective range  [7e-04, 1e+01]
  Bounds range     [1e+00, 1e+00]
  RHS range        [1e+00, 1e+02]
Warning: Model contains large matrix coefficient range
         Consider reformulating model or setting NumericFocus parameter
         to avoid numerical issues.
Found heuristic solution: objective 23.6396
Presolve removed 3940 rows and 154 columns
Presolve time: 0.05s
Presolved: 214 rows, 3783 columns, 18486 nonzeros
Variable types: 0 continuous, 3783 integer (3783 binary)

Root relaxation: objective 1.659920e+02, 162 iterations, 0.00 seconds

    Nodes    |    Current Node    |     Objective Bounds      |     Work
 Expl Unexpl |  Obj  Depth IntInf | Incumbent    BestBd   Gap | It/Node Time

*    0     0               0     165.9920069  165.99201  0.00%     -    0s

Explored 0 nodes (162 simplex iterations) in 0.10 seconds
Thread count was 4 (of 4 available processors)

Solution count 2: 165.992 23.6396 
Pool objective bound 165.992

Optimal solution found (tolerance 1.00e-04)
Best objective 1.659920068695e+02, best bound 1.659920068695e+02, gap 0.0000%
Optimize a model with 310 rows, 3937 columns and 19007 nonzeros
Variable types: 93 continuous, 3844 integer (3844 binary)
Coefficient statistics:
  Matrix range     [1e+00, 1e+00]
  Objective range  [7e-04, 1e+01]
  Bounds range     [1e+00, 1e+00]
  RHS range        [1e+00, 1e+02]
Found heuristic solution: objective 23.6396
Presolve removed 96 rows and 154 columns
Presolve time: 0.04s
Presolved: 214 rows, 3783 columns, 18486 nonzeros
Variable types: 0 continuous, 3783 integer (3783 binary)

Root relaxation: objective 1.659920e+02, 162 iterations, 0.00 seconds

    Nodes    |    Current Node    |     Objective Bounds      |     Work
 Expl Unexpl |  Obj  Depth IntInf | Incumbent    BestBd   Gap | It/Node Time

*    0     0               0     165.9920069  165.99201  0.00%     -    0s

Explored 0 nodes (162 simplex iterations) in 0.08 seconds
Thread count was 4 (of 4 available processors)

Solution count 2: 165.992 23.6396 
Pool objective bound 165.992

Optimal solution found (tolerance 1.00e-04)
Best objective 1.659920068695e+02, best bound 1.659920068695e+02, gap 0.0000%
Optimize a model with 4154 rows, 3937 columns and 30415 nonzeros
Variable types: 93 continuous, 3844 integer (3844 binary)
Coefficient statistics:
  Matrix range     [1e+00, 1e+100]
  Objective range  [7e-04, 1e+01]
  Bounds range     [1e+00, 1e+00]
  RHS range        [1e+00, 1e+02]
Warning: Model contains large matrix coefficient range
         Consider reformulating model or setting NumericFocus parameter
         to avoid numerical issues.
Found heuristic solution: objective 23.6396
Presolve removed 3940 rows and 154 columns
Presolve time: 0.04s
Presolved: 214 rows, 3783 columns, 18486 nonzeros
Variable types: 0 continuous, 3783 integer (3783 binary)

Root relaxation: objective 1.659920e+02, 162 iterations, 0.00 seconds

    Nodes    |    Current Node    |     Objective Bounds      |     Work
 Expl Unexpl |  Obj  Depth IntInf | Incumbent    BestBd   Gap | It/Node Time

*    0     0               0     165.9920069  165.99201  0.00%     -    0s

Explored 0 nodes (162 simplex iterations) in 0.08 seconds
Thread count was 4 (of 4 available processors)

Solution count 2: 165.992 23.6396 
Pool objective bound 165.992

Optimal solution found (tolerance 1.00e-04)
Best objective 1.659920068695e+02, best bound 1.659920068695e+02, gap 0.0000%
Optimize a model with 4154 rows, 3937 columns and 30415 nonzeros
Variable types: 93 continuous, 3844 integer (3844 binary)
Coefficient statistics:
  Matrix range     [1e+00, 1e+50]
  Objective range  [7e-04, 1e+01]
  Bounds range     [1e+00, 1e+00]
  RHS range        [1e+00, 1e+50]
Warning: Model contains large matrix coefficient range
Warning: Model contains large rhs
         Consider reformulating model or setting NumericFocus parameter
         to avoid numerical issues.
Found heuristic solution: objective 23.6396
Presolve removed 3940 rows and 154 columns
Presolve time: 0.05s
Presolved: 214 rows, 3783 columns, 18486 nonzeros
Variable types: 0 continuous, 3783 integer (3783 binary)

Root relaxation: objective 1.659920e+02, 162 iterations, 0.00 seconds

    Nodes    |    Current Node    |     Objective Bounds      |     Work
 Expl Unexpl |  Obj  Depth IntInf | Incumbent    BestBd   Gap | It/Node Time

*    0     0               0     165.9920069  165.99201  0.00%     -    0s

Explored 0 nodes (162 simplex iterations) in 0.10 seconds
Thread count was 4 (of 4 available processors)

Solution count 2: 165.992 23.6396 
Pool objective bound 165.992

Optimal solution found (tolerance 1.00e-04)
Best objective 1.659920068695e+02, best bound 1.659920068695e+02, gap 0.0000%
Optimize a model with 4154 rows, 3937 columns and 30415 nonzeros
Variable types: 93 continuous, 3844 integer (3844 binary)
Coefficient statistics:
  Matrix range     [1e+00, 1e+50]
  Objective range  [1e-03, 2e+01]
  Bounds range     [1e+00, 1e+00]
  RHS range        [1e+00, 1e+50]
Warning: Model contains large matrix coefficient range
Warning: Model contains large rhs
         Consider reformulating model or setting NumericFocus parameter
         to avoid numerical issues.
Found heuristic solution: objective 38.6396
Presolve removed 3940 rows and 154 columns
Presolve time: 0.05s
Presolved: 214 rows, 3783 columns, 18486 nonzeros
Variable types: 0 continuous, 3783 integer (3783 binary)

Root relaxation: objective 6.159920e+02, 149 iterations, 0.00 seconds

    Nodes    |    Current Node    |     Objective Bounds      |     Work
 Expl Unexpl |  Obj  Depth IntInf | Incumbent    BestBd   Gap | It/Node Time

*    0     0               0     615.9920069  615.99201  0.00%     -    0s

Explored 0 nodes (149 simplex iterations) in 0.11 seconds
Thread count was 4 (of 4 available processors)

Solution count 2: 615.992 38.6396 
Pool objective bound 615.992

Optimal solution found (tolerance 1.00e-04)
Best objective 6.159920068695e+02, best bound 6.159920068695e+02, gap 0.0000%
Optimize a model with 4154 rows, 3937 columns and 30415 nonzeros
Variable types: 93 continuous, 3844 integer (3844 binary)
Coefficient statistics:
  Matrix range     [1e+00, 1e+50]
  Objective range  [1e-03, 2e+01]
  Bounds range     [1e+00, 1e+00]
  RHS range        [1e+00, 1e+50]
Warning: Model contains large matrix coefficient range
Warning: Model contains large rhs
         Consider reformulating model or setting NumericFocus parameter
         to avoid numerical issues.
Found heuristic solution: objective 38.6396
Presolve removed 3940 rows and 154 columns
Presolve time: 0.04s
Presolved: 214 rows, 3783 columns, 18486 nonzeros
Variable types: 0 continuous, 3783 integer (3783 binary)

Root relaxation: objective 6.159920e+02, 149 iterations, 0.00 seconds

    Nodes    |    Current Node    |     Objective Bounds      |     Work
 Expl Unexpl |  Obj  Depth IntInf | Incumbent    BestBd   Gap | It/Node Time

*    0     0               0     615.9920069  615.99201  0.00%     -    0s

Explored 0 nodes (149 simplex iterations) in 0.08 seconds
Thread count was 4 (of 4 available processors)

Solution count 2: 615.992 38.6396 
Pool objective bound 615.992

Optimal solution found (tolerance 1.00e-04)
Best objective 6.159920068695e+02, best bound 6.159920068695e+02, gap 0.0000%
Optimize a model with 4154 rows, 3937 columns and 30415 nonzeros
Variable types: 93 continuous, 3844 integer (3844 binary)
Coefficient statistics:
  Matrix range     [1e+00, 1e+50]
  Objective range  [2e-02, 2e+01]
  Bounds range     [1e+00, 1e+00]
  RHS range        [1e+00, 1e+50]
Warning: Model contains large matrix coefficient range
Warning: Model contains large rhs
         Consider reformulating model or setting NumericFocus parameter
         to avoid numerical issues.
Found heuristic solution: objective 51
Presolve removed 3940 rows and 154 columns
Presolve time: 0.04s
Presolved: 214 rows, 3783 columns, 18486 nonzeros
Variable types: 0 continuous, 3783 integer (3783 binary)

Root relaxation: objective 6.295363e+02, 174 iterations, 0.00 seconds

    Nodes    |    Current Node    |     Objective Bounds      |     Work
 Expl Unexpl |  Obj  Depth IntInf | Incumbent    BestBd   Gap | It/Node Time

*    0     0               0     629.5362810  629.53628  0.00%     -    0s

Explored 0 nodes (174 simplex iterations) in 0.10 seconds
Thread count was 4 (of 4 available processors)

Solution count 2: 629.536 51 
Pool objective bound 629.536

Optimal solution found (tolerance 1.00e-04)
Best objective 6.295362809829e+02, best bound 6.295362809829e+02, gap 0.0000%

Gurobi 7.0.2 (win64, Python) logging started 05/12/17 17:48:02

Optimize a model with 4154 rows, 3937 columns and 30415 nonzeros
Variable types: 93 continuous, 3844 integer (3844 binary)
Coefficient statistics:
  Matrix range     [1e+00, 1e+50]
  Objective range  [1e+00, 3e+05]
  Bounds range     [1e+00, 1e+00]
  RHS range        [1e+00, 1e+50]
Warning: Model contains large matrix coefficient range
Warning: Model contains large rhs
         Consider reformulating model or setting NumericFocus parameter
         to avoid numerical issues.
Found heuristic solution: objective 51
Presolve removed 4076 rows and 3827 columns
Presolve time: 0.09s
Presolved: 78 rows, 110 columns, 464 nonzeros
Found heuristic solution: objective 91.0000000
Variable types: 0 continuous, 110 integer (110 binary)

Root relaxation: objective 3.510000e+02, 59 iterations, 0.00 seconds

    Nodes    |    Current Node    |     Objective Bounds      |     Work
 Expl Unexpl |  Obj  Depth IntInf | Incumbent    BestBd   Gap | It/Node Time

*    0     0               0     351.0000000  351.00000  0.00%     -    0s

Explored 0 nodes (59 simplex iterations) in 0.14 seconds
Thread count was 4 (of 4 available processors)

Solution count 3: 351 91 71 
Pool objective bound 351

Optimal solution found (tolerance 1.00e-04)
Best objective 3.510000000000e+02, best bound 3.510000000000e+02, gap 0.0000%

Gurobi 7.0.2 (win64, Python) logging started 05/12/17 17:51:06

Optimize a model with 4154 rows, 3937 columns and 30415 nonzeros
Variable types: 93 continuous, 3844 integer (3844 binary)
Coefficient statistics:
  Matrix range     [1e+00, 1e+50]
  Objective range  [6e-02, 6e+01]
  Bounds range     [1e+00, 1e+00]
  RHS range        [1e+00, 1e+50]
Warning: Model contains large matrix coefficient range
Warning: Model contains large rhs
         Consider reformulating model or setting NumericFocus parameter
         to avoid numerical issues.
Found heuristic solution: objective 51
Presolve removed 3940 rows and 154 columns
Presolve time: 0.06s
Presolved: 214 rows, 3783 columns, 18486 nonzeros
Variable types: 0 continuous, 3783 integer (3783 binary)

Root relaxation: objective 5.455162e+02, 177 iterations, 0.01 seconds

    Nodes    |    Current Node    |     Objective Bounds      |     Work
 Expl Unexpl |  Obj  Depth IntInf | Incumbent    BestBd   Gap | It/Node Time

*    0     0               0     545.5161908  545.51619  0.00%     -    0s

Explored 0 nodes (177 simplex iterations) in 0.12 seconds
Thread count was 4 (of 4 available processors)

Solution count 2: 545.516 51 
Pool objective bound 545.516

Optimal solution found (tolerance 1.00e-04)
Best objective 5.455161907594e+02, best bound 5.455161907594e+02, gap 0.0000%
Optimize a model with 4154 rows, 3937 columns and 30415 nonzeros
Variable types: 93 continuous, 3844 integer (3844 binary)
Coefficient statistics:
  Matrix range     [1e+00, 1e+50]
  Objective range  [2e-01, 6e+01]
  Bounds range     [1e+00, 1e+00]
  RHS range        [1e+00, 1e+50]
Warning: Model contains large matrix coefficient range
Warning: Model contains large rhs
         Consider reformulating model or setting NumericFocus parameter
         to avoid numerical issues.
Found heuristic solution: objective 56
Presolve removed 3940 rows and 154 columns
Presolve time: 0.04s
Presolved: 214 rows, 3783 columns, 18486 nonzeros
Variable types: 0 continuous, 3783 integer (3783 binary)

Root relaxation: objective 6.955162e+02, 168 iterations, 0.01 seconds

    Nodes    |    Current Node    |     Objective Bounds      |     Work
 Expl Unexpl |  Obj  Depth IntInf | Incumbent    BestBd   Gap | It/Node Time

*    0     0               0     695.5161908  695.51619  0.00%     -    0s

Explored 0 nodes (168 simplex iterations) in 0.09 seconds
Thread count was 4 (of 4 available processors)

Solution count 2: 695.516 56 
Pool objective bound 695.516

Optimal solution found (tolerance 1.00e-04)
Best objective 6.955161907594e+02, best bound 6.955161907594e+02, gap 0.0000%
